The system is: Linux - 5.12.12-arch1-1 - x86_64
Compiling the C compiler identification source file "CMakeCCompilerId.c" succeeded.
Compiler: /usr/bin/cc 
Build flags: 
Id flags:  

The output was:
0


Compilation of the C compiler identification source "CMakeCCompilerId.c" produced "a.out"

The C compiler identification is GNU, found in "/home/dries/Projects/P1logger/Firmware/CMakeFiles/3.20.5/CompilerIdC/a.out"

Detecting C compiler ABI info compiled with the following output:
Change Dir: /home/dries/Projects/P1logger/Firmware/CMakeFiles/CMakeTmp

Run Build Command(s):/usr/bin/make -f Makefile cmTC_40fcf/fast && /usr/bin/make  -f CMakeFiles/cmTC_40fcf.dir/build.make CMakeFiles/cmTC_40fcf.dir/build
make[1]: Entering directory '/home/dries/Projects/P1logger/Firmware/CMakeFiles/CMakeTmp'
Building C object CMakeFiles/cmTC_40fcf.dir/CMakeCCompilerABI.c.o
/usr/bin/cc   -v -o CMakeFiles/cmTC_40fcf.dir/CMakeCCompilerABI.c.o -c /usr/share/cmake-3.20/Modules/CMakeCCompilerABI.c
Using built-in specs.
COLLECT_GCC=/usr/bin/cc
Target: x86_64-pc-linux-gnu
Configured with: /build/gcc/src/gcc/configure --prefix=/usr --libdir=/usr/lib --libexecdir=/usr/lib --mandir=/usr/share/man --infodir=/usr/share/info --with-bugurl=https://bugs.archlinux.org/ --enable-languages=c,c++,ada,fortran,go,lto,objc,obj-c++,d --with-isl --with-linker-hash-style=gnu --with-system-zlib --enable-__cxa_atexit --enable-cet=auto --enable-checking=release --enable-clocale=gnu --enable-default-pie --enable-default-ssp --enable-gnu-indirect-function --enable-gnu-unique-object --enable-install-libiberty --enable-linker-build-id --enable-lto --enable-multilib --enable-plugin --enable-shared --enable-threads=posix --disable-libssp --disable-libstdcxx-pch --disable-libunwind-exceptions --disable-werror gdc_include_dir=/usr/include/dlang/gdc
Thread model: posix
Supported LTO compression algorithms: zlib zstd
gcc version 11.1.0 (GCC) 
COLLECT_GCC_OPTIONS='-v' '-o' 'CMakeFiles/cmTC_40fcf.dir/CMakeCCompilerABI.c.o' '-c' '-mtune=generic' '-march=x86-64' '-dumpdir' 'CMakeFiles/cmTC_40fcf.dir/'
 /usr/lib/gcc/x86_64-pc-linux-gnu/11.1.0/cc1 -quiet -v /usr/share/cmake-3.20/Modules/CMakeCCompilerABI.c -quiet -dumpdir CMakeFiles/cmTC_40fcf.dir/ -dumpbase CMakeCCompilerABI.c.c -dumpbase-ext .c -mtune=generic -march=x86-64 -version -o /tmp/cckAvgRW.s
GNU C17 (GCC) version 11.1.0 (x86_64-pc-linux-gnu)
	compiled by GNU C version 11.1.0, GMP version 6.2.1, MPFR version 4.1.0, MPC version 1.2.1, isl version isl-0.24-GMP

GGC heuristics: --param ggc-min-expand=100 --param ggc-min-heapsize=131072
ignoring nonexistent directory "/usr/lib/gcc/x86_64-pc-linux-gnu/11.1.0/../../../../x86_64-pc-linux-gnu/include"
#include "..." search starts here:
#include <...> search starts here:
 /usr/lib/gcc/x86_64-pc-linux-gnu/11.1.0/include
 /usr/local/include
 /usr/lib/gcc/x86_64-pc-linux-gnu/11.1.0/include-fixed
 /usr/include
End of search list.
GNU C17 (GCC) version 11.1.0 (x86_64-pc-linux-gnu)
	compiled by GNU C version 11.1.0, GMP version 6.2.1, MPFR version 4.1.0, MPC version 1.2.1, isl version isl-0.24-GMP

GGC heuristics: --param ggc-min-expand=100 --param ggc-min-heapsize=131072
Compiler executable checksum: 3d0ac5c030c008e73f10e8b66957dbfa
COLLECT_GCC_OPTIONS='-v' '-o' 'CMakeFiles/cmTC_40fcf.dir/CMakeCCompilerABI.c.o' '-c' '-mtune=generic' '-march=x86-64' '-dumpdir' 'CMakeFiles/cmTC_40fcf.dir/'
 as -v --64 -o CMakeFiles/cmTC_40fcf.dir/CMakeCCompilerABI.c.o /tmp/cckAvgRW.s
GNU assembler version 2.36.1 (x86_64-pc-linux-gnu) using BFD version (GNU Binutils) 2.36.1
COMPILER_PATH=/usr/lib/gcc/x86_64-pc-linux-gnu/11.1.0/:/usr/lib/gcc/x86_64-pc-linux-gnu/11.1.0/:/usr/lib/gcc/x86_64-pc-linux-gnu/:/usr/lib/gcc/x86_64-pc-linux-gnu/11.1.0/:/usr/lib/gcc/x86_64-pc-linux-gnu/
LIBRARY_PATH=/usr/lib/gcc/x86_64-pc-linux-gnu/11.1.0/:/usr/lib/gcc/x86_64-pc-linux-gnu/11.1.0/../../../../lib/:/lib/../lib/:/usr/lib/../lib/:/usr/lib/gcc/x86_64-pc-linux-gnu/11.1.0/../../../:/lib/:/usr/lib/
COLLECT_GCC_OPTIONS='-v' '-o' 'CMakeFiles/cmTC_40fcf.dir/CMakeCCompilerABI.c.o' '-c' '-mtune=generic' '-march=x86-64' '-dumpdir' 'CMakeFiles/cmTC_40fcf.dir/CMakeCCompilerABI.c.'
Linking C executable cmTC_40fcf
/usr/bin/cmake -E cmake_link_script CMakeFiles/cmTC_40fcf.dir/link.txt --verbose=1
/usr/bin/cc  -v CMakeFiles/cmTC_40fcf.dir/CMakeCCompilerABI.c.o -o cmTC_40fcf 
Using built-in specs.
COLLECT_GCC=/usr/bin/cc
COLLECT_LTO_WRAPPER=/usr/lib/gcc/x86_64-pc-linux-gnu/11.1.0/lto-wrapper
Target: x86_64-pc-linux-gnu
Configured with: /build/gcc/src/gcc/configure --prefix=/usr --libdir=/usr/lib --libexecdir=/usr/lib --mandir=/usr/share/man --infodir=/usr/share/info --with-bugurl=https://bugs.archlinux.org/ --enable-languages=c,c++,ada,fortran,go,lto,objc,obj-c++,d --with-isl --with-linker-hash-style=gnu --with-system-zlib --enable-__cxa_atexit --enable-cet=auto --enable-checking=release --enable-clocale=gnu --enable-default-pie --enable-default-ssp --enable-gnu-indirect-function --enable-gnu-unique-object --enable-install-libiberty --enable-linker-build-id --enable-lto --enable-multilib --enable-plugin --enable-shared --enable-threads=posix --disable-libssp --disable-libstdcxx-pch --disable-libunwind-exceptions --disable-werror gdc_include_dir=/usr/include/dlang/gdc
Thread model: posix
Supported LTO compression algorithms: zlib zstd
gcc version 11.1.0 (GCC) 
COMPILER_PATH=/usr/lib/gcc/x86_64-pc-linux-gnu/11.1.0/:/usr/lib/gcc/x86_64-pc-linux-gnu/11.1.0/:/usr/lib/gcc/x86_64-pc-linux-gnu/:/usr/lib/gcc/x86_64-pc-linux-gnu/11.1.0/:/usr/lib/gcc/x86_64-pc-linux-gnu/
LIBRARY_PATH=/usr/lib/gcc/x86_64-pc-linux-gnu/11.1.0/:/usr/lib/gcc/x86_64-pc-linux-gnu/11.1.0/../../../../lib/:/lib/../lib/:/usr/lib/../lib/:/usr/lib/gcc/x86_64-pc-linux-gnu/11.1.0/../../../:/lib/:/usr/lib/
COLLECT_GCC_OPTIONS='-v' '-o' 'cmTC_40fcf' '-mtune=generic' '-march=x86-64' '-dumpdir' 'cmTC_40fcf.'
 /usr/lib/gcc/x86_64-pc-linux-gnu/11.1.0/collect2 -plugin /usr/lib/gcc/x86_64-pc-linux-gnu/11.1.0/liblto_plugin.so -plugin-opt=/usr/lib/gcc/x86_64-pc-linux-gnu/11.1.0/lto-wrapper -plugin-opt=-fresolution=/tmp/cc9YiRFK.res -plugin-opt=-pass-through=-lgcc -plugin-opt=-pass-through=-lgcc_s -plugin-opt=-pass-through=-lc -plugin-opt=-pass-through=-lgcc -plugin-opt=-pass-through=-lgcc_s --build-id --eh-frame-hdr --hash-style=gnu -m elf_x86_64 -dynamic-linker /lib64/ld-linux-x86-64.so.2 -pie -o cmTC_40fcf /usr/lib/gcc/x86_64-pc-linux-gnu/11.1.0/../../../../lib/Scrt1.o /usr/lib/gcc/x86_64-pc-linux-gnu/11.1.0/../../../../lib/crti.o /usr/lib/gcc/x86_64-pc-linux-gnu/11.1.0/crtbeginS.o -L/usr/lib/gcc/x86_64-pc-linux-gnu/11.1.0 -L/usr/lib/gcc/x86_64-pc-linux-gnu/11.1.0/../../../../lib -L/lib/../lib -L/usr/lib/../lib -L/usr/lib/gcc/x86_64-pc-linux-gnu/11.1.0/../../.. CMakeFiles/cmTC_40fcf.dir/CMakeCCompilerABI.c.o -lgcc --push-state --as-needed -lgcc_s --pop-state -lc -lgcc --push-state --as-needed -lgcc_s --pop-state /usr/lib/gcc/x86_64-pc-linux-gnu/11.1.0/crtendS.o /usr/lib/gcc/x86_64-pc-linux-gnu/11.1.0/../../../../lib/crtn.o
COLLECT_GCC_OPTIONS='-v' '-o' 'cmTC_40fcf' '-mtune=generic' '-march=x86-64' '-dumpdir' 'cmTC_40fcf.'
make[1]: Leaving directory '/home/dries/Projects/P1logger/Firmware/CMakeFiles/CMakeTmp'



Parsed C implicit include dir info from above output: rv=done
  found start of include info
  found start of implicit include info
    add: [/usr/lib/gcc/x86_64-pc-linux-gnu/11.1.0/include]
    add: [/usr/local/include]
    add: [/usr/lib/gcc/x86_64-pc-linux-gnu/11.1.0/include-fixed]
    add: [/usr/include]
  end of search list found
  collapse include dir [/usr/lib/gcc/x86_64-pc-linux-gnu/11.1.0/include] ==> [/usr/lib/gcc/x86_64-pc-linux-gnu/11.1.0/include]
  collapse include dir [/usr/local/include] ==> [/usr/local/include]
  collapse include dir [/usr/lib/gcc/x86_64-pc-linux-gnu/11.1.0/include-fixed] ==> [/usr/lib/gcc/x86_64-pc-linux-gnu/11.1.0/include-fixed]
  collapse include dir [/usr/include] ==> [/usr/include]
  implicit include dirs: [/usr/lib/gcc/x86_64-pc-linux-gnu/11.1.0/include;/usr/local/include;/usr/lib/gcc/x86_64-pc-linux-gnu/11.1.0/include-fixed;/usr/include]


Parsed C implicit link information from above output:
  link line regex: [^( *|.*[/\])(ld|CMAKE_LINK_STARTFILE-NOTFOUND|([^/\]+-)?ld|collect2)[^/\]*( |$)]
  ignore line: [Change Dir: /home/dries/Projects/P1logger/Firmware/CMakeFiles/CMakeTmp]
  ignore line: []
  ignore line: [Run Build Command(s):/usr/bin/make -f Makefile cmTC_40fcf/fast && /usr/bin/make  -f CMakeFiles/cmTC_40fcf.dir/build.make CMakeFiles/cmTC_40fcf.dir/build]
  ignore line: [make[1]: Entering directory '/home/dries/Projects/P1logger/Firmware/CMakeFiles/CMakeTmp']
  ignore line: [Building C object CMakeFiles/cmTC_40fcf.dir/CMakeCCompilerABI.c.o]
  ignore line: [/usr/bin/cc   -v -o CMakeFiles/cmTC_40fcf.dir/CMakeCCompilerABI.c.o -c /usr/share/cmake-3.20/Modules/CMakeCCompilerABI.c]
  ignore line: [Using built-in specs.]
  ignore line: [COLLECT_GCC=/usr/bin/cc]
  ignore line: [Target: x86_64-pc-linux-gnu]
  ignore line: [Configured with: /build/gcc/src/gcc/configure --prefix=/usr --libdir=/usr/lib --libexecdir=/usr/lib --mandir=/usr/share/man --infodir=/usr/share/info --with-bugurl=https://bugs.archlinux.org/ --enable-languages=c c++ ada fortran go lto objc obj-c++ d --with-isl --with-linker-hash-style=gnu --with-system-zlib --enable-__cxa_atexit --enable-cet=auto --enable-checking=release --enable-clocale=gnu --enable-default-pie --enable-default-ssp --enable-gnu-indirect-function --enable-gnu-unique-object --enable-install-libiberty --enable-linker-build-id --enable-lto --enable-multilib --enable-plugin --enable-shared --enable-threads=posix --disable-libssp --disable-libstdcxx-pch --disable-libunwind-exceptions --disable-werror gdc_include_dir=/usr/include/dlang/gdc]
  ignore line: [Thread model: posix]
  ignore line: [Supported LTO compression algorithms: zlib zstd]
  ignore line: [gcc version 11.1.0 (GCC) ]
  ignore line: [COLLECT_GCC_OPTIONS='-v' '-o' 'CMakeFiles/cmTC_40fcf.dir/CMakeCCompilerABI.c.o' '-c' '-mtune=generic' '-march=x86-64' '-dumpdir' 'CMakeFiles/cmTC_40fcf.dir/']
  ignore line: [ /usr/lib/gcc/x86_64-pc-linux-gnu/11.1.0/cc1 -quiet -v /usr/share/cmake-3.20/Modules/CMakeCCompilerABI.c -quiet -dumpdir CMakeFiles/cmTC_40fcf.dir/ -dumpbase CMakeCCompilerABI.c.c -dumpbase-ext .c -mtune=generic -march=x86-64 -version -o /tmp/cckAvgRW.s]
  ignore line: [GNU C17 (GCC) version 11.1.0 (x86_64-pc-linux-gnu)]
  ignore line: [	compiled by GNU C version 11.1.0  GMP version 6.2.1  MPFR version 4.1.0  MPC version 1.2.1  isl version isl-0.24-GMP]
  ignore line: []
  ignore line: [GGC heuristics: --param ggc-min-expand=100 --param ggc-min-heapsize=131072]
  ignore line: [ignoring nonexistent directory "/usr/lib/gcc/x86_64-pc-linux-gnu/11.1.0/../../../../x86_64-pc-linux-gnu/include"]
  ignore line: [#include "..." search starts here:]
  ignore line: [#include <...> search starts here:]
  ignore line: [ /usr/lib/gcc/x86_64-pc-linux-gnu/11.1.0/include]
  ignore line: [ /usr/local/include]
  ignore line: [ /usr/lib/gcc/x86_64-pc-linux-gnu/11.1.0/include-fixed]
  ignore line: [ /usr/include]
  ignore line: [End of search list.]
  ignore line: [GNU C17 (GCC) version 11.1.0 (x86_64-pc-linux-gnu)]
  ignore line: [	compiled by GNU C version 11.1.0  GMP version 6.2.1  MPFR version 4.1.0  MPC version 1.2.1  isl version isl-0.24-GMP]
  ignore line: []
  ignore line: [GGC heuristics: --param ggc-min-expand=100 --param ggc-min-heapsize=131072]
  ignore line: [Compiler executable checksum: 3d0ac5c030c008e73f10e8b66957dbfa]
  ignore line: [COLLECT_GCC_OPTIONS='-v' '-o' 'CMakeFiles/cmTC_40fcf.dir/CMakeCCompilerABI.c.o' '-c' '-mtune=generic' '-march=x86-64' '-dumpdir' 'CMakeFiles/cmTC_40fcf.dir/']
  ignore line: [ as -v --64 -o CMakeFiles/cmTC_40fcf.dir/CMakeCCompilerABI.c.o /tmp/cckAvgRW.s]
  ignore line: [GNU assembler version 2.36.1 (x86_64-pc-linux-gnu) using BFD version (GNU Binutils) 2.36.1]
  ignore line: [COMPILER_PATH=/usr/lib/gcc/x86_64-pc-linux-gnu/11.1.0/:/usr/lib/gcc/x86_64-pc-linux-gnu/11.1.0/:/usr/lib/gcc/x86_64-pc-linux-gnu/:/usr/lib/gcc/x86_64-pc-linux-gnu/11.1.0/:/usr/lib/gcc/x86_64-pc-linux-gnu/]
  ignore line: [LIBRARY_PATH=/usr/lib/gcc/x86_64-pc-linux-gnu/11.1.0/:/usr/lib/gcc/x86_64-pc-linux-gnu/11.1.0/../../../../lib/:/lib/../lib/:/usr/lib/../lib/:/usr/lib/gcc/x86_64-pc-linux-gnu/11.1.0/../../../:/lib/:/usr/lib/]
  ignore line: [COLLECT_GCC_OPTIONS='-v' '-o' 'CMakeFiles/cmTC_40fcf.dir/CMakeCCompilerABI.c.o' '-c' '-mtune=generic' '-march=x86-64' '-dumpdir' 'CMakeFiles/cmTC_40fcf.dir/CMakeCCompilerABI.c.']
  ignore line: [Linking C executable cmTC_40fcf]
  ignore line: [/usr/bin/cmake -E cmake_link_script CMakeFiles/cmTC_40fcf.dir/link.txt --verbose=1]
  ignore line: [/usr/bin/cc  -v CMakeFiles/cmTC_40fcf.dir/CMakeCCompilerABI.c.o -o cmTC_40fcf ]
  ignore line: [Using built-in specs.]
  ignore line: [COLLECT_GCC=/usr/bin/cc]
  ignore line: [COLLECT_LTO_WRAPPER=/usr/lib/gcc/x86_64-pc-linux-gnu/11.1.0/lto-wrapper]
  ignore line: [Target: x86_64-pc-linux-gnu]
  ignore line: [Configured with: /build/gcc/src/gcc/configure --prefix=/usr --libdir=/usr/lib --libexecdir=/usr/lib --mandir=/usr/share/man --infodir=/usr/share/info --with-bugurl=https://bugs.archlinux.org/ --enable-languages=c c++ ada fortran go lto objc obj-c++ d --with-isl --with-linker-hash-style=gnu --with-system-zlib --enable-__cxa_atexit --enable-cet=auto --enable-checking=release --enable-clocale=gnu --enable-default-pie --enable-default-ssp --enable-gnu-indirect-function --enable-gnu-unique-object --enable-install-libiberty --enable-linker-build-id --enable-lto --enable-multilib --enable-plugin --enable-shared --enable-threads=posix --disable-libssp --disable-libstdcxx-pch --disable-libunwind-exceptions --disable-werror gdc_include_dir=/usr/include/dlang/gdc]
  ignore line: [Thread model: posix]
  ignore line: [Supported LTO compression algorithms: zlib zstd]
  ignore line: [gcc version 11.1.0 (GCC) ]
  ignore line: [COMPILER_PATH=/usr/lib/gcc/x86_64-pc-linux-gnu/11.1.0/:/usr/lib/gcc/x86_64-pc-linux-gnu/11.1.0/:/usr/lib/gcc/x86_64-pc-linux-gnu/:/usr/lib/gcc/x86_64-pc-linux-gnu/11.1.0/:/usr/lib/gcc/x86_64-pc-linux-gnu/]
  ignore line: [LIBRARY_PATH=/usr/lib/gcc/x86_64-pc-linux-gnu/11.1.0/:/usr/lib/gcc/x86_64-pc-linux-gnu/11.1.0/../../../../lib/:/lib/../lib/:/usr/lib/../lib/:/usr/lib/gcc/x86_64-pc-linux-gnu/11.1.0/../../../:/lib/:/usr/lib/]
  ignore line: [COLLECT_GCC_OPTIONS='-v' '-o' 'cmTC_40fcf' '-mtune=generic' '-march=x86-64' '-dumpdir' 'cmTC_40fcf.']
  link line: [ /usr/lib/gcc/x86_64-pc-linux-gnu/11.1.0/collect2 -plugin /usr/lib/gcc/x86_64-pc-linux-gnu/11.1.0/liblto_plugin.so -plugin-opt=/usr/lib/gcc/x86_64-pc-linux-gnu/11.1.0/lto-wrapper -plugin-opt=-fresolution=/tmp/cc9YiRFK.res -plugin-opt=-pass-through=-lgcc -plugin-opt=-pass-through=-lgcc_s -plugin-opt=-pass-through=-lc -plugin-opt=-pass-through=-lgcc -plugin-opt=-pass-through=-lgcc_s --build-id --eh-frame-hdr --hash-style=gnu -m elf_x86_64 -dynamic-linker /lib64/ld-linux-x86-64.so.2 -pie -o cmTC_40fcf /usr/lib/gcc/x86_64-pc-linux-gnu/11.1.0/../../../../lib/Scrt1.o /usr/lib/gcc/x86_64-pc-linux-gnu/11.1.0/../../../../lib/crti.o /usr/lib/gcc/x86_64-pc-linux-gnu/11.1.0/crtbeginS.o -L/usr/lib/gcc/x86_64-pc-linux-gnu/11.1.0 -L/usr/lib/gcc/x86_64-pc-linux-gnu/11.1.0/../../../../lib -L/lib/../lib -L/usr/lib/../lib -L/usr/lib/gcc/x86_64-pc-linux-gnu/11.1.0/../../.. CMakeFiles/cmTC_40fcf.dir/CMakeCCompilerABI.c.o -lgcc --push-state --as-needed -lgcc_s --pop-state -lc -lgcc --push-state --as-needed -lgcc_s --pop-state /usr/lib/gcc/x86_64-pc-linux-gnu/11.1.0/crtendS.o /usr/lib/gcc/x86_64-pc-linux-gnu/11.1.0/../../../../lib/crtn.o]
    arg [/usr/lib/gcc/x86_64-pc-linux-gnu/11.1.0/collect2] ==> ignore
    arg [-plugin] ==> ignore
    arg [/usr/lib/gcc/x86_64-pc-linux-gnu/11.1.0/liblto_plugin.so] ==> ignore
    arg [-plugin-opt=/usr/lib/gcc/x86_64-pc-linux-gnu/11.1.0/lto-wrapper] ==> ignore
    arg [-plugin-opt=-fresolution=/tmp/cc9YiRFK.res] ==> ignore
    arg [-plugin-opt=-pass-through=-lgcc] ==> ignore
    arg [-plugin-opt=-pass-through=-lgcc_s] ==> ignore
    arg [-plugin-opt=-pass-through=-lc] ==> ignore
    arg [-plugin-opt=-pass-through=-lgcc] ==> ignore
    arg [-plugin-opt=-pass-through=-lgcc_s] ==> ignore
    arg [--build-id] ==> ignore
    arg [--eh-frame-hdr] ==> ignore
    arg [--hash-style=gnu] ==> ignore
    arg [-m] ==> ignore
    arg [elf_x86_64] ==> ignore
    arg [-dynamic-linker] ==> ignore
    arg [/lib64/ld-linux-x86-64.so.2] ==> ignore
    arg [-pie] ==> ignore
    arg [-o] ==> ignore
    arg [cmTC_40fcf] ==> ignore
    arg [/usr/lib/gcc/x86_64-pc-linux-gnu/11.1.0/../../../../lib/Scrt1.o] ==> obj [/usr/lib/gcc/x86_64-pc-linux-gnu/11.1.0/../../../../lib/Scrt1.o]
    arg [/usr/lib/gcc/x86_64-pc-linux-gnu/11.1.0/../../../../lib/crti.o] ==> obj [/usr/lib/gcc/x86_64-pc-linux-gnu/11.1.0/../../../../lib/crti.o]
    arg [/usr/lib/gcc/x86_64-pc-linux-gnu/11.1.0/crtbeginS.o] ==> obj [/usr/lib/gcc/x86_64-pc-linux-gnu/11.1.0/crtbeginS.o]
    arg [-L/usr/lib/gcc/x86_64-pc-linux-gnu/11.1.0] ==> dir [/usr/lib/gcc/x86_64-pc-linux-gnu/11.1.0]
    arg [-L/usr/lib/gcc/x86_64-pc-linux-gnu/11.1.0/../../../../lib] ==> dir [/usr/lib/gcc/x86_64-pc-linux-gnu/11.1.0/../../../../lib]
    arg [-L/lib/../lib] ==> dir [/lib/../lib]
    arg [-L/usr/lib/../lib] ==> dir [/usr/lib/../lib]
    arg [-L/usr/lib/gcc/x86_64-pc-linux-gnu/11.1.0/../../..] ==> dir [/usr/lib/gcc/x86_64-pc-linux-gnu/11.1.0/../../..]
    arg [CMakeFiles/cmTC_40fcf.dir/CMakeCCompilerABI.c.o] ==> ignore
    arg [-lgcc] ==> lib [gcc]
    arg [--push-state] ==> ignore
    arg [--as-needed] ==> ignore
    arg [-lgcc_s] ==> lib [gcc_s]
    arg [--pop-state] ==> ignore
    arg [-lc] ==> lib [c]
    arg [-lgcc] ==> lib [gcc]
    arg [--push-state] ==> ignore
    arg [--as-needed] ==> ignore
    arg [-lgcc_s] ==> lib [gcc_s]
    arg [--pop-state] ==> ignore
    arg [/usr/lib/gcc/x86_64-pc-linux-gnu/11.1.0/crtendS.o] ==> obj [/usr/lib/gcc/x86_64-pc-linux-gnu/11.1.0/crtendS.o]
    arg [/usr/lib/gcc/x86_64-pc-linux-gnu/11.1.0/../../../../lib/crtn.o] ==> obj [/usr/lib/gcc/x86_64-pc-linux-gnu/11.1.0/../../../../lib/crtn.o]
  collapse obj [/usr/lib/gcc/x86_64-pc-linux-gnu/11.1.0/../../../../lib/Scrt1.o] ==> [/usr/lib/Scrt1.o]
  collapse obj [/usr/lib/gcc/x86_64-pc-linux-gnu/11.1.0/../../../../lib/crti.o] ==> [/usr/lib/crti.o]
  collapse obj [/usr/lib/gcc/x86_64-pc-linux-gnu/11.1.0/../../../../lib/crtn.o] ==> [/usr/lib/crtn.o]
  collapse library dir [/usr/lib/gcc/x86_64-pc-linux-gnu/11.1.0] ==> [/usr/lib/gcc/x86_64-pc-linux-gnu/11.1.0]
  collapse library dir [/usr/lib/gcc/x86_64-pc-linux-gnu/11.1.0/../../../../lib] ==> [/usr/lib]
  collapse library dir [/lib/../lib] ==> [/lib]
  collapse library dir [/usr/lib/../lib] ==> [/usr/lib]
  collapse library dir [/usr/lib/gcc/x86_64-pc-linux-gnu/11.1.0/../../..] ==> [/usr/lib]
  implicit libs: [gcc;gcc_s;c;gcc;gcc_s]
  implicit objs: [/usr/lib/Scrt1.o;/usr/lib/crti.o;/usr/lib/gcc/x86_64-pc-linux-gnu/11.1.0/crtbeginS.o;/usr/lib/gcc/x86_64-pc-linux-gnu/11.1.0/crtendS.o;/usr/lib/crtn.o]
  implicit dirs: [/usr/lib/gcc/x86_64-pc-linux-gnu/11.1.0;/usr/lib;/lib]
  implicit fwks: []


The system is: Linux - 5.12.12-arch1-1 - x86_64
Compiling the C compiler identification source file "CMakeCCompilerId.c" succeeded.
Compiler: /usr/bin/avr-gcc 
Build flags: 
Id flags:  

The output was:
0


Compilation of the C compiler identification source "CMakeCCompilerId.c" produced "a.out"

The C compiler identification is GNU, found in "/home/dries/Projects/P1logger/Firmware/CMakeFiles/3.19.2/CompilerIdC/a.out"

Detecting C compiler ABI info compiled with the following output:
Change Dir: /home/dries/Projects/P1logger/Firmware/CMakeFiles/CMakeTmp

Run Build Command(s):/usr/bin/make cmTC_d7fb6/fast && /usr/bin/make  -f CMakeFiles/cmTC_d7fb6.dir/build.make CMakeFiles/cmTC_d7fb6.dir/build
make[1]: Entering directory '/home/dries/Projects/P1logger/Firmware/CMakeFiles/CMakeTmp'
Building C object CMakeFiles/cmTC_d7fb6.dir/CMakeCCompilerABI.c.o
/usr/bin/avr-gcc   -v -o CMakeFiles/cmTC_d7fb6.dir/CMakeCCompilerABI.c.o -c /home/dries/.local/share/JetBrains/Toolbox/apps/CLion/ch-0/211.7442.42/bin/cmake/linux/share/cmake-3.19/Modules/CMakeCCompilerABI.c
Using built-in specs.
Reading specs from /usr/lib/gcc/avr/11.1.0/device-specs/specs-avr2
COLLECT_GCC=/usr/bin/avr-gcc
Target: avr
Configured with: /build/avr-gcc/src/gcc-11.1.0/configure --disable-install-libiberty --disable-libssp --disable-libstdcxx-pch --disable-libunwind-exceptions --disable-linker-build-id --disable-nls --disable-werror --disable-__cxa_atexit --enable-checking=release --enable-clocale=gnu --enable-gnu-unique-object --enable-gold --enable-languages=c,c++ --enable-ld=default --enable-lto --enable-plugin --enable-shared --infodir=/usr/share/info --libdir=/usr/lib --libexecdir=/usr/lib --mandir=/usr/share/man --prefix=/usr --target=avr --with-as=/usr/bin/avr-as --with-gnu-as --with-gnu-ld --with-ld=/usr/bin/avr-ld --with-plugin-ld=ld.gold --with-system-zlib --with-isl --enable-gnu-indirect-function
Thread model: single
Supported LTO compression algorithms: zlib zstd
gcc version 11.1.0 (GCC) 
COLLECT_GCC_OPTIONS='-v' '-o' 'CMakeFiles/cmTC_d7fb6.dir/CMakeCCompilerABI.c.o' '-c' '-mdouble=32' '-mlong-double=64' '-specs=device-specs/specs-avr2' '-dumpdir' 'CMakeFiles/cmTC_d7fb6.dir/'
 /usr/lib/gcc/avr/11.1.0/cc1 -quiet -v /home/dries/.local/share/JetBrains/Toolbox/apps/CLion/ch-0/211.7442.42/bin/cmake/linux/share/cmake-3.19/Modules/CMakeCCompilerABI.c -mn-flash=6 -mskip-bug -quiet -dumpdir CMakeFiles/cmTC_d7fb6.dir/ -dumpbase CMakeCCompilerABI.c.c -dumpbase-ext .c -mdouble=32 -mlong-double=64 -version -o /tmp/ccWTeVek.s
GNU C17 (GCC) version 11.1.0 (avr)
	compiled by GNU C version 10.2.0, GMP version 6.2.1, MPFR version 4.1.0, MPC version 1.2.1, isl version isl-0.24-GMP

GGC heuristics: --param ggc-min-expand=100 --param ggc-min-heapsize=131072
ignoring nonexistent directory "/usr/lib/gcc/avr/11.1.0/../../../../avr/sys-include"
#include "..." search starts here:
#include <...> search starts here:
 /usr/lib/gcc/avr/11.1.0/include
 /usr/lib/gcc/avr/11.1.0/include-fixed
 /usr/lib/gcc/avr/11.1.0/../../../../avr/include
End of search list.
GNU C17 (GCC) version 11.1.0 (avr)
	compiled by GNU C version 10.2.0, GMP version 6.2.1, MPFR version 4.1.0, MPC version 1.2.1, isl version isl-0.24-GMP

GGC heuristics: --param ggc-min-expand=100 --param ggc-min-heapsize=131072
Compiler executable checksum: a0d94f47b925edec3406daa0cbf7b017
COLLECT_GCC_OPTIONS='-v' '-o' 'CMakeFiles/cmTC_d7fb6.dir/CMakeCCompilerABI.c.o' '-c' '-mdouble=32' '-mlong-double=64' '-specs=device-specs/specs-avr2' '-dumpdir' 'CMakeFiles/cmTC_d7fb6.dir/'
 /usr/bin/avr-as -v -mmcu=avr2 -mgcc-isr -o CMakeFiles/cmTC_d7fb6.dir/CMakeCCompilerABI.c.o /tmp/ccWTeVek.s
GNU assembler version 2.36.1 (avr) using BFD version (GNU Binutils) 2.36.1
COMPILER_PATH=/usr/lib/gcc/avr/11.1.0/:/usr/lib/gcc/avr/11.1.0/:/usr/lib/gcc/avr/:/usr/lib/gcc/avr/11.1.0/:/usr/lib/gcc/avr/
LIBRARY_PATH=/usr/lib/gcc/avr/11.1.0/:/usr/lib/gcc/avr/11.1.0/../../../../avr/lib/
COLLECT_GCC_OPTIONS='-v' '-o' 'CMakeFiles/cmTC_d7fb6.dir/CMakeCCompilerABI.c.o' '-c' '-mdouble=32' '-mlong-double=64' '-specs=device-specs/specs-avr2' '-dumpdir' 'CMakeFiles/cmTC_d7fb6.dir/CMakeCCompilerABI.c.'
Linking C executable cmTC_d7fb6
/home/dries/.local/share/JetBrains/Toolbox/apps/CLion/ch-0/211.7442.42/bin/cmake/linux/bin/cmake -E cmake_link_script CMakeFiles/cmTC_d7fb6.dir/link.txt --verbose=1
/usr/bin/avr-gcc  -v CMakeFiles/cmTC_d7fb6.dir/CMakeCCompilerABI.c.o -o cmTC_d7fb6 
Using built-in specs.
Reading specs from /usr/lib/gcc/avr/11.1.0/device-specs/specs-avr2
COLLECT_GCC=/usr/bin/avr-gcc
COLLECT_LTO_WRAPPER=/usr/lib/gcc/avr/11.1.0/lto-wrapper
Target: avr
Configured with: /build/avr-gcc/src/gcc-11.1.0/configure --disable-install-libiberty --disable-libssp --disable-libstdcxx-pch --disable-libunwind-exceptions --disable-linker-build-id --disable-nls --disable-werror --disable-__cxa_atexit --enable-checking=release --enable-clocale=gnu --enable-gnu-unique-object --enable-gold --enable-languages=c,c++ --enable-ld=default --enable-lto --enable-plugin --enable-shared --infodir=/usr/share/info --libdir=/usr/lib --libexecdir=/usr/lib --mandir=/usr/share/man --prefix=/usr --target=avr --with-as=/usr/bin/avr-as --with-gnu-as --with-gnu-ld --with-ld=/usr/bin/avr-ld --with-plugin-ld=ld.gold --with-system-zlib --with-isl --enable-gnu-indirect-function
Thread model: single
Supported LTO compression algorithms: zlib zstd
gcc version 11.1.0 (GCC) 
COMPILER_PATH=/usr/lib/gcc/avr/11.1.0/:/usr/lib/gcc/avr/11.1.0/:/usr/lib/gcc/avr/:/usr/lib/gcc/avr/11.1.0/:/usr/lib/gcc/avr/
LIBRARY_PATH=/usr/lib/gcc/avr/11.1.0/:/usr/lib/gcc/avr/11.1.0/../../../../avr/lib/
COLLECT_GCC_OPTIONS='-v' '-o' 'cmTC_d7fb6' '-mdouble=32' '-mlong-double=64' '-specs=device-specs/specs-avr2' '-dumpdir' 'cmTC_d7fb6.'
 /usr/lib/gcc/avr/11.1.0/collect2 -plugin /usr/lib/gcc/avr/11.1.0/liblto_plugin.so -plugin-opt=/usr/lib/gcc/avr/11.1.0/lto-wrapper -plugin-opt=-fresolution=/tmp/ccMDEzdM.res -plugin-opt=-pass-through=-lgcc -plugin-opt=-pass-through=-lm -plugin-opt=-pass-through=-lc -o cmTC_d7fb6 -L/usr/lib/gcc/avr/11.1.0 -L/usr/lib/gcc/avr/11.1.0/../../../../avr/lib CMakeFiles/cmTC_d7fb6.dir/CMakeCCompilerABI.c.o --start-group -lgcc -lm -lc --end-group
COLLECT_GCC_OPTIONS='-v' '-o' 'cmTC_d7fb6' '-mdouble=32' '-mlong-double=64' '-specs=device-specs/specs-avr2' '-dumpdir' 'cmTC_d7fb6.'
make[1]: Leaving directory '/home/dries/Projects/P1logger/Firmware/CMakeFiles/CMakeTmp'



Parsed C implicit include dir info from above output: rv=done
  found start of include info
  found start of implicit include info
    add: [/usr/lib/gcc/avr/11.1.0/include]
    add: [/usr/lib/gcc/avr/11.1.0/include-fixed]
    add: [/usr/lib/gcc/avr/11.1.0/../../../../avr/include]
  end of search list found
  collapse include dir [/usr/lib/gcc/avr/11.1.0/include] ==> [/usr/lib/gcc/avr/11.1.0/include]
  collapse include dir [/usr/lib/gcc/avr/11.1.0/include-fixed] ==> [/usr/lib/gcc/avr/11.1.0/include-fixed]
  collapse include dir [/usr/lib/gcc/avr/11.1.0/../../../../avr/include] ==> [/usr/avr/include]
  implicit include dirs: [/usr/lib/gcc/avr/11.1.0/include;/usr/lib/gcc/avr/11.1.0/include-fixed;/usr/avr/include]


Parsed C implicit link information from above output:
  link line regex: [^( *|.*[/\])(ld|CMAKE_LINK_STARTFILE-NOTFOUND|([^/\]+-)?ld|collect2)[^/\]*( |$)]
  ignore line: [Change Dir: /home/dries/Projects/P1logger/Firmware/CMakeFiles/CMakeTmp]
  ignore line: []
  ignore line: [Run Build Command(s):/usr/bin/make cmTC_d7fb6/fast && /usr/bin/make  -f CMakeFiles/cmTC_d7fb6.dir/build.make CMakeFiles/cmTC_d7fb6.dir/build]
  ignore line: [make[1]: Entering directory '/home/dries/Projects/P1logger/Firmware/CMakeFiles/CMakeTmp']
  ignore line: [Building C object CMakeFiles/cmTC_d7fb6.dir/CMakeCCompilerABI.c.o]
  ignore line: [/usr/bin/avr-gcc   -v -o CMakeFiles/cmTC_d7fb6.dir/CMakeCCompilerABI.c.o -c /home/dries/.local/share/JetBrains/Toolbox/apps/CLion/ch-0/211.7442.42/bin/cmake/linux/share/cmake-3.19/Modules/CMakeCCompilerABI.c]
  ignore line: [Using built-in specs.]
  ignore line: [Reading specs from /usr/lib/gcc/avr/11.1.0/device-specs/specs-avr2]
  ignore line: [COLLECT_GCC=/usr/bin/avr-gcc]
  ignore line: [Target: avr]
  ignore line: [Configured with: /build/avr-gcc/src/gcc-11.1.0/configure --disable-install-libiberty --disable-libssp --disable-libstdcxx-pch --disable-libunwind-exceptions --disable-linker-build-id --disable-nls --disable-werror --disable-__cxa_atexit --enable-checking=release --enable-clocale=gnu --enable-gnu-unique-object --enable-gold --enable-languages=c,c++ --enable-ld=default --enable-lto --enable-plugin --enable-shared --infodir=/usr/share/info --libdir=/usr/lib --libexecdir=/usr/lib --mandir=/usr/share/man --prefix=/usr --target=avr --with-as=/usr/bin/avr-as --with-gnu-as --with-gnu-ld --with-ld=/usr/bin/avr-ld --with-plugin-ld=ld.gold --with-system-zlib --with-isl --enable-gnu-indirect-function]
  ignore line: [Thread model: single]
  ignore line: [Supported LTO compression algorithms: zlib zstd]
  ignore line: [gcc version 11.1.0 (GCC) ]
  ignore line: [COLLECT_GCC_OPTIONS='-v' '-o' 'CMakeFiles/cmTC_d7fb6.dir/CMakeCCompilerABI.c.o' '-c' '-mdouble=32' '-mlong-double=64' '-specs=device-specs/specs-avr2' '-dumpdir' 'CMakeFiles/cmTC_d7fb6.dir/']
  ignore line: [ /usr/lib/gcc/avr/11.1.0/cc1 -quiet -v /home/dries/.local/share/JetBrains/Toolbox/apps/CLion/ch-0/211.7442.42/bin/cmake/linux/share/cmake-3.19/Modules/CMakeCCompilerABI.c -mn-flash=6 -mskip-bug -quiet -dumpdir CMakeFiles/cmTC_d7fb6.dir/ -dumpbase CMakeCCompilerABI.c.c -dumpbase-ext .c -mdouble=32 -mlong-double=64 -version -o /tmp/ccWTeVek.s]
  ignore line: [GNU C17 (GCC) version 11.1.0 (avr)]
  ignore line: [	compiled by GNU C version 10.2.0  GMP version 6.2.1  MPFR version 4.1.0  MPC version 1.2.1  isl version isl-0.24-GMP]
  ignore line: []
  ignore line: [GGC heuristics: --param ggc-min-expand=100 --param ggc-min-heapsize=131072]
  ignore line: [ignoring nonexistent directory "/usr/lib/gcc/avr/11.1.0/../../../../avr/sys-include"]
  ignore line: [#include "..." search starts here:]
  ignore line: [#include <...> search starts here:]
  ignore line: [ /usr/lib/gcc/avr/11.1.0/include]
  ignore line: [ /usr/lib/gcc/avr/11.1.0/include-fixed]
  ignore line: [ /usr/lib/gcc/avr/11.1.0/../../../../avr/include]
  ignore line: [End of search list.]
  ignore line: [GNU C17 (GCC) version 11.1.0 (avr)]
  ignore line: [	compiled by GNU C version 10.2.0  GMP version 6.2.1  MPFR version 4.1.0  MPC version 1.2.1  isl version isl-0.24-GMP]
  ignore line: []
  ignore line: [GGC heuristics: --param ggc-min-expand=100 --param ggc-min-heapsize=131072]
  ignore line: [Compiler executable checksum: a0d94f47b925edec3406daa0cbf7b017]
  ignore line: [COLLECT_GCC_OPTIONS='-v' '-o' 'CMakeFiles/cmTC_d7fb6.dir/CMakeCCompilerABI.c.o' '-c' '-mdouble=32' '-mlong-double=64' '-specs=device-specs/specs-avr2' '-dumpdir' 'CMakeFiles/cmTC_d7fb6.dir/']
  ignore line: [ /usr/bin/avr-as -v -mmcu=avr2 -mgcc-isr -o CMakeFiles/cmTC_d7fb6.dir/CMakeCCompilerABI.c.o /tmp/ccWTeVek.s]
  ignore line: [GNU assembler version 2.36.1 (avr) using BFD version (GNU Binutils) 2.36.1]
  ignore line: [COMPILER_PATH=/usr/lib/gcc/avr/11.1.0/:/usr/lib/gcc/avr/11.1.0/:/usr/lib/gcc/avr/:/usr/lib/gcc/avr/11.1.0/:/usr/lib/gcc/avr/]
  ignore line: [LIBRARY_PATH=/usr/lib/gcc/avr/11.1.0/:/usr/lib/gcc/avr/11.1.0/../../../../avr/lib/]
  ignore line: [COLLECT_GCC_OPTIONS='-v' '-o' 'CMakeFiles/cmTC_d7fb6.dir/CMakeCCompilerABI.c.o' '-c' '-mdouble=32' '-mlong-double=64' '-specs=device-specs/specs-avr2' '-dumpdir' 'CMakeFiles/cmTC_d7fb6.dir/CMakeCCompilerABI.c.']
  ignore line: [Linking C executable cmTC_d7fb6]
  ignore line: [/home/dries/.local/share/JetBrains/Toolbox/apps/CLion/ch-0/211.7442.42/bin/cmake/linux/bin/cmake -E cmake_link_script CMakeFiles/cmTC_d7fb6.dir/link.txt --verbose=1]
  ignore line: [/usr/bin/avr-gcc  -v CMakeFiles/cmTC_d7fb6.dir/CMakeCCompilerABI.c.o -o cmTC_d7fb6 ]
  ignore line: [Using built-in specs.]
  ignore line: [Reading specs from /usr/lib/gcc/avr/11.1.0/device-specs/specs-avr2]
  ignore line: [COLLECT_GCC=/usr/bin/avr-gcc]
  ignore line: [COLLECT_LTO_WRAPPER=/usr/lib/gcc/avr/11.1.0/lto-wrapper]
  ignore line: [Target: avr]
  ignore line: [Configured with: /build/avr-gcc/src/gcc-11.1.0/configure --disable-install-libiberty --disable-libssp --disable-libstdcxx-pch --disable-libunwind-exceptions --disable-linker-build-id --disable-nls --disable-werror --disable-__cxa_atexit --enable-checking=release --enable-clocale=gnu --enable-gnu-unique-object --enable-gold --enable-languages=c,c++ --enable-ld=default --enable-lto --enable-plugin --enable-shared --infodir=/usr/share/info --libdir=/usr/lib --libexecdir=/usr/lib --mandir=/usr/share/man --prefix=/usr --target=avr --with-as=/usr/bin/avr-as --with-gnu-as --with-gnu-ld --with-ld=/usr/bin/avr-ld --with-plugin-ld=ld.gold --with-system-zlib --with-isl --enable-gnu-indirect-function]
  ignore line: [Thread model: single]
  ignore line: [Supported LTO compression algorithms: zlib zstd]
  ignore line: [gcc version 11.1.0 (GCC) ]
  ignore line: [COMPILER_PATH=/usr/lib/gcc/avr/11.1.0/:/usr/lib/gcc/avr/11.1.0/:/usr/lib/gcc/avr/:/usr/lib/gcc/avr/11.1.0/:/usr/lib/gcc/avr/]
  ignore line: [LIBRARY_PATH=/usr/lib/gcc/avr/11.1.0/:/usr/lib/gcc/avr/11.1.0/../../../../avr/lib/]
  ignore line: [COLLECT_GCC_OPTIONS='-v' '-o' 'cmTC_d7fb6' '-mdouble=32' '-mlong-double=64' '-specs=device-specs/specs-avr2' '-dumpdir' 'cmTC_d7fb6.']
  link line: [ /usr/lib/gcc/avr/11.1.0/collect2 -plugin /usr/lib/gcc/avr/11.1.0/liblto_plugin.so -plugin-opt=/usr/lib/gcc/avr/11.1.0/lto-wrapper -plugin-opt=-fresolution=/tmp/ccMDEzdM.res -plugin-opt=-pass-through=-lgcc -plugin-opt=-pass-through=-lm -plugin-opt=-pass-through=-lc -o cmTC_d7fb6 -L/usr/lib/gcc/avr/11.1.0 -L/usr/lib/gcc/avr/11.1.0/../../../../avr/lib CMakeFiles/cmTC_d7fb6.dir/CMakeCCompilerABI.c.o --start-group -lgcc -lm -lc --end-group]
    arg [/usr/lib/gcc/avr/11.1.0/collect2] ==> ignore
    arg [-plugin] ==> ignore
    arg [/usr/lib/gcc/avr/11.1.0/liblto_plugin.so] ==> ignore
    arg [-plugin-opt=/usr/lib/gcc/avr/11.1.0/lto-wrapper] ==> ignore
    arg [-plugin-opt=-fresolution=/tmp/ccMDEzdM.res] ==> ignore
    arg [-plugin-opt=-pass-through=-lgcc] ==> ignore
    arg [-plugin-opt=-pass-through=-lm] ==> ignore
    arg [-plugin-opt=-pass-through=-lc] ==> ignore
    arg [-o] ==> ignore
    arg [cmTC_d7fb6] ==> ignore
    arg [-L/usr/lib/gcc/avr/11.1.0] ==> dir [/usr/lib/gcc/avr/11.1.0]
    arg [-L/usr/lib/gcc/avr/11.1.0/../../../../avr/lib] ==> dir [/usr/lib/gcc/avr/11.1.0/../../../../avr/lib]
    arg [CMakeFiles/cmTC_d7fb6.dir/CMakeCCompilerABI.c.o] ==> ignore
    arg [--start-group] ==> ignore
    arg [-lgcc] ==> lib [gcc]
    arg [-lm] ==> lib [m]
    arg [-lc] ==> lib [c]
    arg [--end-group] ==> ignore
  collapse library dir [/usr/lib/gcc/avr/11.1.0] ==> [/usr/lib/gcc/avr/11.1.0]
  collapse library dir [/usr/lib/gcc/avr/11.1.0/../../../../avr/lib] ==> [/usr/avr/lib]
  implicit libs: [gcc;m;c]
  implicit dirs: [/usr/lib/gcc/avr/11.1.0;/usr/avr/lib]
  implicit fwks: []


